ARML - Object Detection AR/Library/Bee/Android/Prj/IL2CPP/Gradle/launcher/build/intermediates/manifest_merge_blame_file/release/manifest-merger-blame-release-report.txt
1<?xml version="1.0" encoding="utf-8"?>
2<manifest xmlns:android="http://schemas.android.com/apk/res/android"
3    package="com.DefaultCompany.ARML"
4    android:installLocation="preferExternal"
5    android:versionCode="1"
6    android:versionName="0.1" >
7
8    <uses-sdk
9        android:minSdkVersion="26"
9-->src\main\AndroidManifest.xml
10        android:targetSdkVersion="32" />
10-->src\main\AndroidManifest.xml
11
12    <supports-screens
12-->src\main\AndroidManifest.xml:4:3-163
13        android:anyDensity="true"
13-->src\main\AndroidManifest.xml:4:135-160
14        android:largeScreens="true"
14-->src\main\AndroidManifest.xml:4:78-105
15        android:normalScreens="true"
15-->src\main\AndroidManifest.xml:4:49-77
16        android:smallScreens="true"
16-->src\main\AndroidManifest.xml:4:21-48
17        android:xlargeScreens="true" />
17-->src\main\AndroidManifest.xml:4:106-134
18
19    <uses-permission android:name="android.permission.INTERNET" />
19-->[:unityLibrary] AndroidManifest.xml:10:5-67
19-->[:unityLibrary] AndroidManifest.xml:10:22-64
20    <uses-permission android:name="android.permission.ACCESS_FINE_LOCATION" />
20-->[:unityLibrary] AndroidManifest.xml:11:5-79
20-->[:unityLibrary] AndroidManifest.xml:11:22-76
21    <uses-permission android:name="android.permission.ACCESS_COARSE_LOCATION" />
21-->[:unityLibrary] AndroidManifest.xml:12:5-81
21-->[:unityLibrary] AndroidManifest.xml:12:22-78
22
23    <uses-feature android:glEsVersion="0x00030000" />
23-->[:unityLibrary] AndroidManifest.xml:14:5-54
23-->[:unityLibrary] AndroidManifest.xml:14:19-51
24    <uses-feature
24-->[:unityLibrary] AndroidManifest.xml:15:5-17:36
25        android:name="android.hardware.location.gps"
25-->[:unityLibrary] AndroidManifest.xml:16:9-53
26        android:required="false" />
26-->[:unityLibrary] AndroidManifest.xml:17:9-33
27    <uses-feature
27-->[:unityLibrary] AndroidManifest.xml:18:5-20:36
28        android:name="android.hardware.location"
28-->[:unityLibrary] AndroidManifest.xml:19:9-49
29        android:required="false" />
29-->[:unityLibrary] AndroidManifest.xml:20:9-33
30    <uses-feature
30-->[:unityLibrary] AndroidManifest.xml:21:5-23:36
31        android:name="android.hardware.sensor.accelerometer"
31-->[:unityLibrary] AndroidManifest.xml:22:9-61
32        android:required="false" />
32-->[:unityLibrary] AndroidManifest.xml:23:9-33
33    <uses-feature
33-->[:unityLibrary] AndroidManifest.xml:24:5-26:36
34        android:name="android.hardware.touchscreen"
34-->[:unityLibrary] AndroidManifest.xml:25:9-52
35        android:required="false" />
35-->[:unityLibrary] AndroidManifest.xml:26:9-33
36    <uses-feature
36-->[:unityLibrary] AndroidManifest.xml:27:5-29:36
37        android:name="android.hardware.touchscreen.multitouch"
37-->[:unityLibrary] AndroidManifest.xml:28:9-63
38        android:required="false" />
38-->[:unityLibrary] AndroidManifest.xml:29:9-33
39    <uses-feature
39-->[:unityLibrary] AndroidManifest.xml:30:5-32:36
40        android:name="android.hardware.touchscreen.multitouch.distinct"
40-->[:unityLibrary] AndroidManifest.xml:31:9-72
41        android:required="false" />
41-->[:unityLibrary] AndroidManifest.xml:32:9-33
42
43    <uses-permission android:name="android.permission.CAMERA" />
43-->[:unityLibrary] AndroidManifest.xml:34:5-65
43-->[:unityLibrary] AndroidManifest.xml:34:22-62
44    <uses-permission android:name="android.permission.READ_EXTERNAL_STORAGE" />
44-->[:unityLibrary] AndroidManifest.xml:35:5-80
44-->[:unityLibrary] AndroidManifest.xml:35:22-77
45
46    <queries>
46-->[:unityLibrary] AndroidManifest.xml:37:5-39:15
47        <package android:name="com.google.ar.core" />
47-->[:unityLibrary] AndroidManifest.xml:38:9-54
47-->[:unityLibrary] AndroidManifest.xml:38:18-51
48        <package android:name="com.android.vending" />
48-->[:arcore_client:] AndroidManifest.xml:22:9-55
48-->[:arcore_client:] AndroidManifest.xml:22:18-52
49
50        <intent>
50-->[:arcore_client:] AndroidManifest.xml:24:9-26:18
51            <action android:name="com.google.android.play.core.install.BIND_INSTALL_SERVICE" />
51-->[:arcore_client:] AndroidManifest.xml:25:13-96
51-->[:arcore_client:] AndroidManifest.xml:25:21-93
52        </intent>
53    </queries>
54
55    <uses-permission
55-->[:unityLibrary] AndroidManifest.xml:41:5-43:36
56        android:name="android.hardware.camera.ar"
56-->[:unityLibrary] AndroidManifest.xml:42:9-50
57        android:required="false" />
57-->[:unityLibrary] AndroidManifest.xml:43:9-33
58
59    <uses-feature
59-->[:unityLibrary] AndroidManifest.xml:45:5-47:35
60        android:name="android.hardware.camera.ar"
60-->[:unityLibrary] AndroidManifest.xml:46:9-50
61        android:required="true" />
61-->[:unityLibrary] AndroidManifest.xml:47:9-32
62    <uses-feature
62-->[:unityLibrary] AndroidManifest.xml:48:5-50:35
63        android:name="com.google.ar.core.depth"
63-->[:unityLibrary] AndroidManifest.xml:49:9-48
64        android:required="true" />
64-->[:unityLibrary] AndroidManifest.xml:50:9-32
65
66    <application
66-->src\main\AndroidManifest.xml:3:3-83
67        android:extractNativeLibs="true"
67-->[:unityLibrary] AndroidManifest.xml:52:18-50
68        android:icon="@mipmap/app_icon"
68-->src\main\AndroidManifest.xml:3:49-80
69        android:label="@string/app_name" >
69-->src\main\AndroidManifest.xml:3:16-48
70        <meta-data
70-->[:unityLibrary] AndroidManifest.xml:53:9-55:33
71            android:name="unity.splash-mode"
71-->[:unityLibrary] AndroidManifest.xml:54:13-45
72            android:value="0" />
72-->[:unityLibrary] AndroidManifest.xml:55:13-30
73        <meta-data
73-->[:unityLibrary] AndroidManifest.xml:56:9-58:36
74            android:name="unity.splash-enable"
74-->[:unityLibrary] AndroidManifest.xml:57:13-47
75            android:value="True" />
75-->[:unityLibrary] AndroidManifest.xml:58:13-33
76        <meta-data
76-->[:unityLibrary] AndroidManifest.xml:59:9-61:36
77            android:name="unity.launch-fullscreen"
77-->[:unityLibrary] AndroidManifest.xml:60:13-51
78            android:value="True" />
78-->[:unityLibrary] AndroidManifest.xml:61:13-33
79        <meta-data
79-->[:unityLibrary] AndroidManifest.xml:62:9-64:36
80            android:name="unity.render-outside-safearea"
80-->[:unityLibrary] AndroidManifest.xml:63:13-57
81            android:value="True" />
81-->[:unityLibrary] AndroidManifest.xml:64:13-33
82        <meta-data
82-->[:unityLibrary] AndroidManifest.xml:65:9-67:50
83            android:name="notch.config"
83-->[:unityLibrary] AndroidManifest.xml:66:13-40
84            android:value="portrait|landscape" />
84-->[:unityLibrary] AndroidManifest.xml:67:13-47
85        <meta-data
85-->[:unityLibrary] AndroidManifest.xml:68:9-70:36
86            android:name="unity.auto-report-fully-drawn"
86-->[:unityLibrary] AndroidManifest.xml:69:13-57
87            android:value="true" />
87-->[:unityLibrary] AndroidManifest.xml:70:13-33
88
89        <activity
89-->[:unityLibrary] AndroidManifest.xml:72:9-93:20
90            android:name="com.unity3d.player.UnityPlayerActivity"
90-->[:unityLibrary] AndroidManifest.xml:73:13-66
91            android:configChanges="mcc|mnc|locale|touchscreen|keyboard|keyboardHidden|navigation|orientation|screenLayout|uiMode|screenSize|smallestScreenSize|fontScale|layoutDirection|density"
91-->[:unityLibrary] AndroidManifest.xml:74:13-194
92            android:exported="true"
92-->[:unityLibrary] AndroidManifest.xml:75:13-36
93            android:hardwareAccelerated="false"
93-->[:unityLibrary] AndroidManifest.xml:76:13-48
94            android:launchMode="singleTask"
94-->[:unityLibrary] AndroidManifest.xml:77:13-44
95            android:resizeableActivity="false"
95-->[:unityLibrary] AndroidManifest.xml:78:13-47
96            android:screenOrientation="fullUser"
96-->[:unityLibrary] AndroidManifest.xml:79:13-49
97            android:theme="@style/UnityThemeSelector" >
97-->[:unityLibrary] AndroidManifest.xml:80:13-54
98            <intent-filter>
98-->[:unityLibrary] AndroidManifest.xml:81:13-85:29
99                <category android:name="android.intent.category.LAUNCHER" />
99-->[:unityLibrary] AndroidManifest.xml:82:17-77
99-->[:unityLibrary] AndroidManifest.xml:82:27-74
100
101                <action android:name="android.intent.action.MAIN" />
101-->[:unityLibrary] AndroidManifest.xml:84:17-69
101-->[:unityLibrary] AndroidManifest.xml:84:25-66
102            </intent-filter>
103
104            <meta-data
104-->[:unityLibrary] AndroidManifest.xml:87:13-89:40
105                android:name="unityplayer.UnityActivity"
105-->[:unityLibrary] AndroidManifest.xml:88:17-57
106                android:value="true" />
106-->[:unityLibrary] AndroidManifest.xml:89:17-37
107            <meta-data
107-->[:unityLibrary] AndroidManifest.xml:90:13-92:40
108                android:name="notch_support"
108-->[:unityLibrary] AndroidManifest.xml:91:17-45
109                android:value="true" />
109-->[:unityLibrary] AndroidManifest.xml:92:17-37
110        </activity>
111
112        <uses-native-library
112-->[:unityLibrary] AndroidManifest.xml:95:9-97:40
113            android:name="libOpenCL-pixel.so"
113-->[:unityLibrary] AndroidManifest.xml:96:13-46
114            android:required="false" />
114-->[:unityLibrary] AndroidManifest.xml:97:13-37
115        <uses-native-library
115-->[:unityLibrary] AndroidManifest.xml:95:9-97:40
116            android:name="libOpenCL.so"
116-->[:unityLibrary] AndroidManifest.xml:96:13-46
117            android:required="false" />
117-->[:unityLibrary] AndroidManifest.xml:97:13-37
118
119        <activity
119-->[:unityLibrary] AndroidManifest.xml:102:9-106:46
120            android:name="com.google.ar.core.InstallActivity"
120-->[:unityLibrary] AndroidManifest.xml:103:13-62
121            android:configChanges="keyboardHidden|orientation|screenSize"
121-->[:unityLibrary] AndroidManifest.xml:104:13-74
122            android:excludeFromRecents="true"
122-->[:unityLibrary] AndroidManifest.xml:105:13-46
123            android:exported="false"
123-->[:arcore_client:] AndroidManifest.xml:40:13-37
124            android:launchMode="singleTop"
124-->[:unityLibrary] AndroidManifest.xml:106:13-43
125            android:theme="@android:style/Theme.Material.Light.Dialog.Alert" />
125-->[:arcore_client:] AndroidManifest.xml:42:13-77
126
127        <meta-data
127-->[:unityLibrary] AndroidManifest.xml:108:9-110:40
128            android:name="com.google.ar.core"
128-->[:unityLibrary] AndroidManifest.xml:109:13-46
129            android:value="required" />
129-->[:unityLibrary] AndroidManifest.xml:110:13-37
130        <meta-data
130-->[:unityLibrary] AndroidManifest.xml:111:9-113:36
131            android:name="unityplayer.SkipPermissionsDialog"
131-->[:unityLibrary] AndroidManifest.xml:112:13-61
132            android:value="true" /> <!-- The minimal version code of ARCore APK required for an app using this SDK. -->
132-->[:unityLibrary] AndroidManifest.xml:113:13-33
133        <meta-data
133-->[:arcore_client:] AndroidManifest.xml:32:9-34:41
134            android:name="com.google.ar.core.min_apk_version"
134-->[:arcore_client:] AndroidManifest.xml:33:13-62
135            android:value="240220000" />
135-->[:arcore_client:] AndroidManifest.xml:34:13-38
136    </application>
137
138</manifest>